Traceback (most recent call last):
  File "/raid/localscratch/qfebvre/ocb/ocb-docs/lib/python3.11/site-packages/jupyter_cache/executors/utils.py", line 58, in single_nb_execution
    executenb(
  File "/raid/localscratch/qfebvre/ocb/ocb-docs/lib/python3.11/site-packages/nbclient/client.py", line 1314, in execute
    return NotebookClient(nb=nb, resources=resources, km=km, **kwargs).execute()
           ^^^^^^^^^^^^^^^^^^^^^^^^^^^^^^^^^^^^^^^^^^^^^^^^^^^^^^^^^^^^^^^^^^^^^
  File "/raid/localscratch/qfebvre/ocb/ocb-docs/lib/python3.11/site-packages/jupyter_core/utils/__init__.py", line 165, in wrapped
    return loop.run_until_complete(inner)
           ^^^^^^^^^^^^^^^^^^^^^^^^^^^^^^
  File "/raid/localscratch/qfebvre/ocb/ocb-docs/lib/python3.11/asyncio/base_events.py", line 650, in run_until_complete
    return future.result()
           ^^^^^^^^^^^^^^^
  File "/raid/localscratch/qfebvre/ocb/ocb-docs/lib/python3.11/contextlib.py", line 222, in __aexit__
    await self.gen.athrow(typ, value, traceback)
  File "/raid/localscratch/qfebvre/ocb/ocb-docs/lib/python3.11/site-packages/nbclient/client.py", line 654, in async_setup_kernel
    yield
  File "/raid/localscratch/qfebvre/ocb/ocb-docs/lib/python3.11/site-packages/nbclient/client.py", line 709, in async_execute
    await self.async_execute_cell(
  File "/raid/localscratch/qfebvre/ocb/ocb-docs/lib/python3.11/site-packages/nbclient/client.py", line 1062, in async_execute_cell
    await self._check_raise_for_error(cell, cell_index, exec_reply)
  File "/raid/localscratch/qfebvre/ocb/ocb-docs/lib/python3.11/site-packages/nbclient/client.py", line 918, in _check_raise_for_error
    raise CellExecutionError.from_cell_and_msg(cell, exec_reply_content)
nbclient.exceptions.CellExecutionError: An error occurred while executing the following cell:
------------------
%%bash
ocb-dc_ose_2021-input_data -m \
    'hydra.searchpath=[file://conf]' \
      +overrides@params=global \
      hydra/launcher=joblib \
      hydra.launcher.n_jobs=4 \
      hydra.launcher.backend=threading \
      hydra.launcher.prefer=threads
------------------

----- stdout -----
[2024-04-11 08:45:53,637][HYDRA] Joblib.Parallel(n_jobs=4,backend=loky,prefer=threads,require=None,verbose=0,timeout=None,pre_dispatch=2*n_jobs,batch_size=auto,temp_folder=None,max_nbytes=None,mmap_mode=r) is launching 4 jobs
----- stdout -----
[2024-04-11 08:45:53,637][HYDRA] Launching jobs, sweep output dir : multirun/2024-04-11/08-45-53
----- stdout -----
[2024-04-11 08:45:53,637][HYDRA] 	#0 : params.sat=j3 +overrides@params=global
----- stdout -----
[2024-04-11 08:45:53,637][HYDRA] 	#1 : params.sat=s3b +overrides@params=global
----- stdout -----
[2024-04-11 08:45:53,637][HYDRA] 	#2 : params.sat=h2ag +overrides@params=global
----- stdout -----
[2024-04-11 08:45:53,637][HYDRA] 	#3 : params.sat=c2 +overrides@params=global
----- stdout -----
[2024-04-11 08:45:54,621][aprl.appareil][INFO] - Starting
----- stdout -----
[2024-04-11 08:45:54,621][aprl.appareil][INFO] - Running part _01_dl_track
----- stdout -----
[2024-04-11 08:45:54,636][aprl.appareil][INFO] - Starting
----- stdout -----
[2024-04-11 08:45:54,636][aprl.appareil][INFO] - Running part _01_dl_track
----- stdout -----
[2024-04-11 08:45:54,646][aprl.appareil][INFO] - Starting
----- stdout -----
[2024-04-11 08:45:54,646][aprl.appareil][INFO] - Running part _01_dl_track
----- stdout -----
[2024-04-11 08:45:54,699][aprl.appareil][INFO] - Starting
----- stdout -----
[2024-04-11 08:45:54,700][aprl.appareil][INFO] - Running part _01_dl_track
----- stdout -----
INFO - 2024-04-11T08:45:55Z - Dataset version was not specified, the latest one was selected: "202112"
----- stdout -----
[2024-04-11 08:45:55,032][copernicus_marine_root_logger][INFO] - Dataset version was not specified, the latest one was selected: "202112"
----- stdout -----
INFO - 2024-04-11T08:45:55Z - Dataset part was not specified, the first one was selected: "default"
----- stdout -----
[2024-04-11 08:45:55,032][copernicus_marine_root_logger][INFO] - Dataset part was not specified, the first one was selected: "default"
----- stdout -----
INFO - 2024-04-11T08:45:55Z - Service was not specified, the default one was selected: "original-files"
----- stdout -----
[2024-04-11 08:45:55,032][copernicus_marine_root_logger][INFO] - Service was not specified, the default one was selected: "original-files"
----- stdout -----
INFO - 2024-04-11T08:45:55Z - Downloading using service original-files...
----- stdout -----
[2024-04-11 08:45:55,032][copernicus_marine_root_logger][INFO] - Downloading using service original-files...
----- stdout -----
INFO - 2024-04-11T08:45:55Z - Dataset version was not specified, the latest one was selected: "202112"
----- stdout -----
[2024-04-11 08:45:55,277][copernicus_marine_root_logger][INFO] - Dataset version was not specified, the latest one was selected: "202112"
----- stdout -----
INFO - 2024-04-11T08:45:55Z - Dataset part was not specified, the first one was selected: "default"
----- stdout -----
[2024-04-11 08:45:55,277][copernicus_marine_root_logger][INFO] - Dataset part was not specified, the first one was selected: "default"
----- stdout -----
INFO - 2024-04-11T08:45:55Z - Service was not specified, the default one was selected: "original-files"
----- stdout -----
[2024-04-11 08:45:55,277][copernicus_marine_root_logger][INFO] - Service was not specified, the default one was selected: "original-files"
----- stdout -----
INFO - 2024-04-11T08:45:55Z - Downloading using service original-files...
----- stdout -----
[2024-04-11 08:45:55,278][copernicus_marine_root_logger][INFO] - Downloading using service original-files...
----- stdout -----
INFO - 2024-04-11T08:45:55Z - Dataset version was not specified, the latest one was selected: "202112"
----- stdout -----
[2024-04-11 08:45:55,586][copernicus_marine_root_logger][INFO] - Dataset version was not specified, the latest one was selected: "202112"
----- stdout -----
INFO - 2024-04-11T08:45:55Z - Dataset part was not specified, the first one was selected: "default"
----- stdout -----
[2024-04-11 08:45:55,587][copernicus_marine_root_logger][INFO] - Dataset part was not specified, the first one was selected: "default"
----- stdout -----
INFO - 2024-04-11T08:45:55Z - Service was not specified, the default one was selected: "original-files"
----- stdout -----
[2024-04-11 08:45:55,587][copernicus_marine_root_logger][INFO] - Service was not specified, the default one was selected: "original-files"
----- stdout -----
INFO - 2024-04-11T08:45:55Z - Downloading using service original-files...
----- stdout -----
[2024-04-11 08:45:55,587][copernicus_marine_root_logger][INFO] - Downloading using service original-files...
----- stdout -----
INFO - 2024-04-11T08:45:55Z - Dataset version was not specified, the latest one was selected: "202112"
----- stdout -----
[2024-04-11 08:45:55,897][copernicus_marine_root_logger][INFO] - Dataset version was not specified, the latest one was selected: "202112"
----- stdout -----
INFO - 2024-04-11T08:45:55Z - Dataset part was not specified, the first one was selected: "default"
----- stdout -----
[2024-04-11 08:45:55,898][copernicus_marine_root_logger][INFO] - Dataset part was not specified, the first one was selected: "default"
----- stdout -----
INFO - 2024-04-11T08:45:55Z - Service was not specified, the default one was selected: "original-files"
----- stdout -----
[2024-04-11 08:45:55,898][copernicus_marine_root_logger][INFO] - Service was not specified, the default one was selected: "original-files"
----- stdout -----
INFO - 2024-04-11T08:45:55Z - Downloading using service original-files...
----- stdout -----
[2024-04-11 08:45:55,898][copernicus_marine_root_logger][INFO] - Downloading using service original-files...
----- stderr -----
  0%|          | 0/31 [00:00<?, ?it/s]  0%|          | 0/31 [00:00<?, ?it/s]  0%|          | 0/31 [00:00<?, ?it/s]  0%|          | 0/31 [00:00<?, ?it/s]  3%|▎         | 1/31 [00:07<03:43,  7.46s/it] 19%|█▉        | 6/31 [00:07<00:23,  1.05it/s]100%|██████████| 31/31 [00:07<00:00,  4.03it/s]
----- stdout -----
[2024-04-11 08:46:03,546][aprl.appareil][INFO] - part _01_dl_track done
----- stdout -----
[2024-04-11 08:46:03,546][aprl.appareil][INFO] - Running part _02_prepare_track
----- stdout -----
[2024-04-11 08:46:03,547][ocb_dc_ose_2021.mods.prepare_track][INFO] - Starting
----- stderr -----
  3%|▎         | 1/31 [00:07<03:50,  7.69s/it]  3%|▎         | 1/31 [00:07<03:33,  7.11s/it]  6%|▋         | 2/31 [00:07<01:33,  3.24s/it]100%|██████████| 31/31 [00:07<00:00,  3.93it/s]
----- stdout -----
[2024-04-11 08:46:04,187][aprl.appareil][INFO] - part _01_dl_track done
----- stdout -----
[2024-04-11 08:46:04,187][aprl.appareil][INFO] - Running part _02_prepare_track
----- stdout -----
[2024-04-11 08:46:04,188][ocb_dc_ose_2021.mods.prepare_track][INFO] - Starting
----- stderr -----
  6%|▋         | 2/31 [00:07<01:28,  3.05s/it]  3%|▎         | 1/31 [00:07<03:52,  7.74s/it] 19%|█▉        | 6/31 [00:07<00:18,  1.36it/s]100%|██████████| 31/31 [00:07<00:00,  4.13it/s]
----- stdout -----
[2024-04-11 08:46:04,437][aprl.appareil][INFO] - part _01_dl_track done
----- stdout -----
[2024-04-11 08:46:04,437][aprl.appareil][INFO] - Running part _02_prepare_track
----- stdout -----
[2024-04-11 08:46:04,437][ocb_dc_ose_2021.mods.prepare_track][INFO] - Starting
----- stderr -----
  6%|▋         | 2/31 [00:07<01:36,  3.32s/it] 35%|███▌      | 11/31 [00:08<00:07,  2.51it/s]100%|██████████| 31/31 [00:08<00:00,  3.84it/s]
----- stdout -----
[2024-04-11 08:46:04,729][aprl.appareil][INFO] - part _01_dl_track done
----- stdout -----
[2024-04-11 08:46:04,729][aprl.appareil][INFO] - Running part _02_prepare_track
----- stdout -----
[2024-04-11 08:46:04,729][ocb_dc_ose_2021.mods.prepare_track][INFO] - Starting
----- stdout -----
[2024-04-11 08:46:08,923][ocb_dc_ose_2021.mods.prepare_track][INFO] - Done
----- stdout -----
[2024-04-11 08:46:08,936][aprl.appareil][INFO] - part _02_prepare_track done
----- stdout -----
[2024-04-11 08:46:08,936][aprl.appareil][INFO] - Done
----- stdout -----
[2024-04-11 08:46:09,135][ocb_dc_ose_2021.mods.prepare_track][INFO] - Done
----- stdout -----
[2024-04-11 08:46:09,151][aprl.appareil][INFO] - part _02_prepare_track done
----- stdout -----
[2024-04-11 08:46:09,151][aprl.appareil][INFO] - Done
----- stdout -----
[2024-04-11 08:46:10,496][ocb_dc_ose_2021.mods.prepare_track][INFO] - Done
----- stdout -----
[2024-04-11 08:46:10,513][aprl.appareil][INFO] - part _02_prepare_track done
----- stdout -----
[2024-04-11 08:46:10,513][aprl.appareil][INFO] - Done
----- stderr -----
joblib.externals.loky.process_executor._RemoteTraceback:
----- stderr -----
"""
----- stderr -----
Traceback (most recent call last):
----- stderr -----
  File "/raid/localscratch/qfebvre/ocb/ocb-docs/lib/python3.11/site-packages/joblib/externals/loky/process_executor.py", line 463, in _process_worker
----- stderr -----
    r = call_item()
----- stderr -----
        ^^^^^^^^^^^
----- stderr -----
  File "/raid/localscratch/qfebvre/ocb/ocb-docs/lib/python3.11/site-packages/joblib/externals/loky/process_executor.py", line 291, in __call__
----- stderr -----
    return self.fn(*self.args, **self.kwargs)
----- stderr -----
           ^^^^^^^^^^^^^^^^^^^^^^^^^^^^^^^^^^
----- stderr -----
  File "/raid/localscratch/qfebvre/ocb/ocb-docs/lib/python3.11/site-packages/joblib/parallel.py", line 598, in __call__
----- stderr -----
    return [func(*args, **kwargs)
----- stderr -----
           ^^^^^^^^^^^^^^^^^^^^^^
----- stderr -----
  File "/raid/localscratch/qfebvre/ocb/ocb-docs/lib/python3.11/site-packages/joblib/parallel.py", line 598, in <listcomp>
----- stderr -----
    return [func(*args, **kwargs)
----- stderr -----
            ^^^^^^^^^^^^^^^^^^^^^
----- stderr -----
  File "/raid/localscratch/qfebvre/ocb/ocb-docs/lib/python3.11/site-packages/hydra_plugins/hydra_joblib_launcher/_core.py", line 44, in execute_job
----- stderr -----
    ret = run_job(
----- stderr -----
          ^^^^^^^^
----- stderr -----
  File "/raid/localscratch/qfebvre/ocb/ocb-docs/lib/python3.11/site-packages/hydra/core/utils.py", line 186, in run_job
----- stderr -----
    ret.return_value = task_function(task_cfg)
----- stderr -----
                       ^^^^^^^^^^^^^^^^^^^^^^^
----- stderr -----
  File "/raid/localscratch/qfebvre/ocb/ocb-docs/lib/python3.11/site-packages/hydra_zen/wrapper/_implementations.py", line 427, in __call__
----- stderr -----
    return func(
----- stderr -----
           ^^^^^
----- stderr -----
  File "/raid/localscratch/qfebvre/ocb/ocb-docs/lib/python3.11/site-packages/aprl/appareil/__init__.py", line 43, in run
----- stderr -----
    parts[part]()
----- stderr -----
  File "/raid/localscratch/qfebvre/ocb/ocb-docs/lib/python3.11/site-packages/ocb_dc_ose_2021/mods/prepare_track.py", line 101, in prepare_track
----- stderr -----
    ds.to_netcdf(output_path)
----- stderr -----
  File "/raid/localscratch/qfebvre/ocb/ocb-docs/lib/python3.11/site-packages/xarray/core/dataset.py", line 2298, in to_netcdf
----- stderr -----
    return to_netcdf(  # type: ignore  # mypy cannot resolve the overloads:(
----- stderr -----
           ^^^^^^^^^^^^^^^^^^^^^^^^^^^^^^^^^^^^^^^^^^^^^^^^^^^^^^^^^^^^^^^^^
----- stderr -----
  File "/raid/localscratch/qfebvre/ocb/ocb-docs/lib/python3.11/site-packages/xarray/backends/api.py", line 1348, in to_netcdf
----- stderr -----
    writes = writer.sync(compute=compute)
----- stderr -----
             ^^^^^^^^^^^^^^^^^^^^^^^^^^^^
----- stderr -----
  File "/raid/localscratch/qfebvre/ocb/ocb-docs/lib/python3.11/site-packages/xarray/backends/common.py", line 297, in sync
----- stderr -----
    delayed_store = chunkmanager.store(
----- stderr -----
                    ^^^^^^^^^^^^^^^^^^^
----- stderr -----
  File "/raid/localscratch/qfebvre/ocb/ocb-docs/lib/python3.11/site-packages/xarray/namedarray/daskmanager.py", line 249, in store
----- stderr -----
    return store(
----- stderr -----
           ^^^^^^
----- stderr -----
  File "/raid/localscratch/qfebvre/ocb/ocb-docs/lib/python3.11/site-packages/dask/array/core.py", line 1236, in store
----- stderr -----
    compute_as_if_collection(Array, store_dsk, map_keys, **kwargs)
----- stderr -----
  File "/raid/localscratch/qfebvre/ocb/ocb-docs/lib/python3.11/site-packages/dask/base.py", line 369, in compute_as_if_collection
----- stderr -----
    return schedule(dsk2, keys, **kwargs)
----- stderr -----
           ^^^^^^^^^^^^^^^^^^^^^^^^^^^^^^
----- stderr -----
  File "/raid/localscratch/qfebvre/ocb/ocb-docs/lib/python3.11/site-packages/dask/threaded.py", line 90, in get
----- stderr -----
    results = get_async(
----- stderr -----
              ^^^^^^^^^^
----- stderr -----
  File "/raid/localscratch/qfebvre/ocb/ocb-docs/lib/python3.11/site-packages/dask/local.py", line 501, in get_async
----- stderr -----
    for key, res_info, failed in queue_get(queue).result():
----- stderr -----
                                 ^^^^^^^^^^^^^^^^
----- stderr -----
  File "/raid/localscratch/qfebvre/ocb/ocb-docs/lib/python3.11/site-packages/dask/local.py", line 138, in queue_get
----- stderr -----
    return q.get()
----- stderr -----
           ^^^^^^^
----- stderr -----
  File "/raid/localscratch/qfebvre/ocb/ocb-docs/lib/python3.11/queue.py", line 171, in get
----- stderr -----
    self.not_empty.wait()
----- stderr -----
  File "/raid/localscratch/qfebvre/ocb/ocb-docs/lib/python3.11/threading.py", line 320, in wait
----- stderr -----
    waiter.acquire()
----- stderr -----
KeyboardInterrupt
----- stderr -----
"""
----- stderr -----

----- stderr -----
The above exception was the direct cause of the following exception:
----- stderr -----

----- stderr -----
Traceback (most recent call last):
----- stderr -----
  File "/raid/localscratch/qfebvre/ocb/ocb-docs/bin/ocb-dc_ose_2021-input_data", line 8, in <module>
----- stderr -----
    sys.exit(pipeline())
----- stderr -----
             ^^^^^^^^^^
----- stderr -----
  File "/raid/localscratch/qfebvre/ocb/ocb-docs/lib/python3.11/site-packages/hydra/main.py", line 94, in decorated_main
----- stderr -----
    _run_hydra(
----- stderr -----
  File "/raid/localscratch/qfebvre/ocb/ocb-docs/lib/python3.11/site-packages/hydra/_internal/utils.py", line 394, in _run_hydra
----- stderr -----
    _run_app(
----- stderr -----
  File "/raid/localscratch/qfebvre/ocb/ocb-docs/lib/python3.11/site-packages/hydra/_internal/utils.py", line 465, in _run_app
----- stderr -----
    run_and_report(
----- stderr -----
  File "/raid/localscratch/qfebvre/ocb/ocb-docs/lib/python3.11/site-packages/hydra/_internal/utils.py", line 220, in run_and_report
----- stderr -----
    return func()
----- stderr -----
           ^^^^^^
----- stderr -----
  File "/raid/localscratch/qfebvre/ocb/ocb-docs/lib/python3.11/site-packages/hydra/_internal/utils.py", line 466, in <lambda>
----- stderr -----
    lambda: hydra.multirun(
----- stderr -----
            ^^^^^^^^^^^^^^^
----- stderr -----
  File "/raid/localscratch/qfebvre/ocb/ocb-docs/lib/python3.11/site-packages/hydra/_internal/hydra.py", line 162, in multirun
----- stderr -----
    ret = sweeper.sweep(arguments=task_overrides)
----- stderr -----
          ^^^^^^^^^^^^^^^^^^^^^^^^^^^^^^^^^^^^^^^
----- stderr -----
  File "/raid/localscratch/qfebvre/ocb/ocb-docs/lib/python3.11/site-packages/hydra/_internal/core_plugins/basic_sweeper.py", line 177, in sweep
----- stderr -----
    results = self.launcher.launch(batch, initial_job_idx=initial_job_idx)
----- stderr -----
              ^^^^^^^^^^^^^^^^^^^^^^^^^^^^^^^^^^^^^^^^^^^^^^^^^^^^^^^^^^^^
----- stderr -----
  File "/raid/localscratch/qfebvre/ocb/ocb-docs/lib/python3.11/site-packages/hydra_plugins/hydra_joblib_launcher/joblib_launcher.py", line 45, in launch
----- stderr -----
    return _core.launch(
----- stderr -----
           ^^^^^^^^^^^^^
----- stderr -----
  File "/raid/localscratch/qfebvre/ocb/ocb-docs/lib/python3.11/site-packages/hydra_plugins/hydra_joblib_launcher/_core.py", line 103, in launch
----- stderr -----
    runs = Parallel(**joblib_cfg)(
----- stderr -----
           ^^^^^^^^^^^^^^^^^^^^^^^
----- stderr -----
  File "/raid/localscratch/qfebvre/ocb/ocb-docs/lib/python3.11/site-packages/joblib/parallel.py", line 2007, in __call__
----- stderr -----
    return output if self.return_generator else list(output)
----- stderr -----
                                                ^^^^^^^^^^^^
----- stderr -----
  File "/raid/localscratch/qfebvre/ocb/ocb-docs/lib/python3.11/site-packages/joblib/parallel.py", line 1650, in _get_outputs
----- stderr -----
    yield from self._retrieve()
----- stderr -----
  File "/raid/localscratch/qfebvre/ocb/ocb-docs/lib/python3.11/site-packages/joblib/parallel.py", line 1754, in _retrieve
----- stderr -----
    self._raise_error_fast()
----- stderr -----
  File "/raid/localscratch/qfebvre/ocb/ocb-docs/lib/python3.11/site-packages/joblib/parallel.py", line 1789, in _raise_error_fast
----- stderr -----
    error_job.get_result(self.timeout)
----- stderr -----
  File "/raid/localscratch/qfebvre/ocb/ocb-docs/lib/python3.11/site-packages/joblib/parallel.py", line 745, in get_result
----- stderr -----
    return self._return_or_raise()
----- stderr -----
           ^^^^^^^^^^^^^^^^^^^^^^^
----- stderr -----
  File "/raid/localscratch/qfebvre/ocb/ocb-docs/lib/python3.11/site-packages/joblib/parallel.py", line 763, in _return_or_raise
----- stderr -----
    raise self._result
----- stderr -----
KeyboardInterrupt
----- stderr -----
/raid/localscratch/qfebvre/ocb/ocb-docs/lib/python3.11/multiprocessing/resource_tracker.py:224: UserWarning: resource_tracker: There appear to be 8 leaked semaphore objects to clean up at shutdown
----- stderr -----
  warnings.warn('resource_tracker: There appear to be %d '
------------------

[0;31m---------------------------------------------------------------------------[0m
[0;31mCalledProcessError[0m                        Traceback (most recent call last)
Cell [0;32mIn[6], line 1[0m
[0;32m----> 1[0m [43mget_ipython[49m[43m([49m[43m)[49m[38;5;241;43m.[39;49m[43mrun_cell_magic[49m[43m([49m[38;5;124;43m'[39;49m[38;5;124;43mbash[39;49m[38;5;124;43m'[39;49m[43m,[49m[43m [49m[38;5;124;43m'[39;49m[38;5;124;43m'[39;49m[43m,[49m[43m [49m[38;5;124;43m"[39;49m[38;5;124;43mocb-dc_ose_2021-input_data -m [39;49m[38;5;130;43;01m\\[39;49;00m[38;5;130;43;01m\n[39;49;00m[38;5;124;43m    [39;49m[38;5;124;43m'[39;49m[38;5;124;43mhydra.searchpath=[file://conf][39;49m[38;5;124;43m'[39;49m[38;5;124;43m [39;49m[38;5;130;43;01m\\[39;49;00m[38;5;130;43;01m\n[39;49;00m[38;5;124;43m      +overrides@params=global [39;49m[38;5;130;43;01m\\[39;49;00m[38;5;130;43;01m\n[39;49;00m[38;5;124;43m      hydra/launcher=joblib [39;49m[38;5;130;43;01m\\[39;49;00m[38;5;130;43;01m\n[39;49;00m[38;5;124;43m      hydra.launcher.n_jobs=4 [39;49m[38;5;130;43;01m\\[39;49;00m[38;5;130;43;01m\n[39;49;00m[38;5;124;43m      hydra.launcher.backend=threading [39;49m[38;5;130;43;01m\\[39;49;00m[38;5;130;43;01m\n[39;49;00m[38;5;124;43m      hydra.launcher.prefer=threads[39;49m[38;5;130;43;01m\n[39;49;00m[38;5;124;43m"[39;49m[43m)[49m

File [0;32m/raid/localscratch/qfebvre/ocb/ocb-docs/lib/python3.11/site-packages/IPython/core/interactiveshell.py:2541[0m, in [0;36mInteractiveShell.run_cell_magic[0;34m(self, magic_name, line, cell)[0m
[1;32m   2539[0m [38;5;28;01mwith[39;00m [38;5;28mself[39m[38;5;241m.[39mbuiltin_trap:
[1;32m   2540[0m     args [38;5;241m=[39m (magic_arg_s, cell)
[0;32m-> 2541[0m     result [38;5;241m=[39m [43mfn[49m[43m([49m[38;5;241;43m*[39;49m[43margs[49m[43m,[49m[43m [49m[38;5;241;43m*[39;49m[38;5;241;43m*[39;49m[43mkwargs[49m[43m)[49m
[1;32m   2543[0m [38;5;66;03m# The code below prevents the output from being displayed[39;00m
[1;32m   2544[0m [38;5;66;03m# when using magics with decorator @output_can_be_silenced[39;00m
[1;32m   2545[0m [38;5;66;03m# when the last Python token in the expression is a ';'.[39;00m
[1;32m   2546[0m [38;5;28;01mif[39;00m [38;5;28mgetattr[39m(fn, magic[38;5;241m.[39mMAGIC_OUTPUT_CAN_BE_SILENCED, [38;5;28;01mFalse[39;00m):

File [0;32m/raid/localscratch/qfebvre/ocb/ocb-docs/lib/python3.11/site-packages/IPython/core/magics/script.py:155[0m, in [0;36mScriptMagics._make_script_magic.<locals>.named_script_magic[0;34m(line, cell)[0m
[1;32m    153[0m [38;5;28;01melse[39;00m:
[1;32m    154[0m     line [38;5;241m=[39m script
[0;32m--> 155[0m [38;5;28;01mreturn[39;00m [38;5;28;43mself[39;49m[38;5;241;43m.[39;49m[43mshebang[49m[43m([49m[43mline[49m[43m,[49m[43m [49m[43mcell[49m[43m)[49m

File [0;32m/raid/localscratch/qfebvre/ocb/ocb-docs/lib/python3.11/site-packages/IPython/core/magics/script.py:315[0m, in [0;36mScriptMagics.shebang[0;34m(self, line, cell)[0m
[1;32m    310[0m [38;5;28;01mif[39;00m args[38;5;241m.[39mraise_error [38;5;129;01mand[39;00m p[38;5;241m.[39mreturncode [38;5;241m!=[39m [38;5;241m0[39m:
[1;32m    311[0m     [38;5;66;03m# If we get here and p.returncode is still None, we must have[39;00m
[1;32m    312[0m     [38;5;66;03m# killed it but not yet seen its return code. We don't wait for it,[39;00m
[1;32m    313[0m     [38;5;66;03m# in case it's stuck in uninterruptible sleep. -9 = SIGKILL[39;00m
[1;32m    314[0m     rc [38;5;241m=[39m p[38;5;241m.[39mreturncode [38;5;129;01mor[39;00m [38;5;241m-[39m[38;5;241m9[39m
[0;32m--> 315[0m     [38;5;28;01mraise[39;00m CalledProcessError(rc, cell)

[0;31mCalledProcessError[0m: Command 'b"ocb-dc_ose_2021-input_data -m \\\n    'hydra.searchpath=[file://conf]' \\\n      +overrides@params=global \\\n      hydra/launcher=joblib \\\n      hydra.launcher.n_jobs=4 \\\n      hydra.launcher.backend=threading \\\n      hydra.launcher.prefer=threads\n"' returned non-zero exit status 130.

